# JRE version: Java(TM) SE Runtime Environment (8.0_66-b18) (build 1.8.0_66-b18)
# Java VM: Java HotSpot(TM) 64-Bit Server VM (25.66-b18 mixed mode windows-amd64 compressed oops)
Heap:
 PSYoungGen      total 80384K, used 19055K [0x00000000f5580000, 0x00000000fc400000, 0x0000000100000000)
  eden space 69120K, 11% used [0x00000000f5580000,0x00000000f5d5b450,0x00000000f9900000)
  from space 11264K, 97% used [0x00000000f9a80000,0x00000000fa540898,0x00000000fa580000)
  to   space 22016K, 0% used [0x00000000fae80000,0x00000000fae80000,0x00000000fc400000)
 ParOldGen       total 119296K, used 70002K [0x00000000e0000000, 0x00000000e7480000, 0x00000000f5580000)
  object space 119296K, 58% used [0x00000000e0000000,0x00000000e445c9c8,0x00000000e7480000)
 Metaspace       used 100578K, capacity 108222K, committed 108440K, reserved 1142784K
  class space    used 11872K, capacity 14161K, committed 14256K, reserved 1048576K
GC Heap History (10 events):
Event: 13205.459 GC heap before
{Heap before GC invocations=51 (full 6):
 PSYoungGen      total 89600K, used 86436K [0x00000000f5580000, 0x00000000fc480000, 0x0000000100000000)
  eden space 68608K, 100% used [0x00000000f5580000,0x00000000f9880000,0x00000000f9880000)
  from space 20992K, 84% used [0x00000000fae00000,0x00000000fbf69350,0x00000000fc280000)
  to   space 22016K, 0% used [0x00000000f9880000,0x00000000f9880000,0x00000000fae00000)
 ParOldGen       total 119296K, used 68621K [0x00000000e0000000, 0x00000000e7480000, 0x00000000f5580000)
  object space 119296K, 57% used [0x00000000e0000000,0x00000000e43037c0,0x00000000e7480000)
 Metaspace       used 99861K, capacity 107666K, committed 107800K, reserved 1142784K
  class space    used 11794K, capacity 14027K, committed 14128K, reserved 1048576K
Event: 13205.488 GC heap after
Heap after GC invocations=51 (full 6):
 PSYoungGen      total 90624K, used 15668K [0x00000000f5580000, 0x00000000fc880000, 0x0000000100000000)
  eden space 68608K, 0% used [0x00000000f5580000,0x00000000f5580000,0x00000000f9880000)
  from space 22016K, 71% used [0x00000000f9880000,0x00000000fa7cd340,0x00000000fae00000)
  to   space 22528K, 0% used [0x00000000fb280000,0x00000000fb280000,0x00000000fc880000)
 ParOldGen       total 119296K, used 68693K [0x00000000e0000000, 0x00000000e7480000, 0x00000000f5580000)
  object space 119296K, 57% used [0x00000000e0000000,0x00000000e43157c0,0x00000000e7480000)
 Metaspace       used 99861K, capacity 107666K, committed 107800K, reserved 1142784K
  class space    used 11794K, capacity 14027K, committed 14128K, reserved 1048576K
}
Event: 15005.752 GC heap before
{Heap before GC invocations=52 (full 6):
 PSYoungGen      total 90624K, used 84276K [0x00000000f5580000, 0x00000000fc880000, 0x0000000100000000)
  eden space 68608K, 100% used [0x00000000f5580000,0x00000000f9880000,0x00000000f9880000)
  from space 22016K, 71% used [0x00000000f9880000,0x00000000fa7cd340,0x00000000fae00000)
  to   space 22528K, 0% used [0x00000000fb280000,0x00000000fb280000,0x00000000fc880000)
 ParOldGen       total 119296K, used 68693K [0x00000000e0000000, 0x00000000e7480000, 0x00000000f5580000)
  object space 119296K, 57% used [0x00000000e0000000,0x00000000e43157c0,0x00000000e7480000)
 Metaspace       used 99865K, capacity 107666K, committed 107800K, reserved 1142784K
  class space    used 11794K, capacity 14027K, committed 14128K, reserved 1048576K
Event: 15005.774 GC heap after
Heap after GC invocations=52 (full 6):
 PSYoungGen      total 94720K, used 16587K [0x00000000f5580000, 0x00000000fc900000, 0x0000000100000000)
  eden space 72192K, 0% used [0x00000000f5580000,0x00000000f5580000,0x00000000f9c00000)
  from space 22528K, 73% used [0x00000000fb280000,0x00000000fc2b2e98,0x00000000fc880000)
  to   space 23040K, 0% used [0x00000000f9c00000,0x00000000f9c00000,0x00000000fb280000)
 ParOldGen       total 119296K, used 68936K [0x00000000e0000000, 0x00000000e7480000, 0x00000000f5580000)
  object space 119296K, 57% used [0x00000000e0000000,0x00000000e4352348,0x00000000e7480000)
 Metaspace       used 99865K, capacity 107666K, committed 107800K, reserved 1142784K
  class space    used 11794K, capacity 14027K, committed 14128K, reserved 1048576K
}
Event: 17083.911 GC heap before
{Heap before GC invocations=53 (full 6):
 PSYoungGen      total 94720K, used 88779K [0x00000000f5580000, 0x00000000fc900000, 0x0000000100000000)
  eden space 72192K, 100% used [0x00000000f5580000,0x00000000f9c00000,0x00000000f9c00000)
  from space 22528K, 73% used [0x00000000fb280000,0x00000000fc2b2e98,0x00000000fc880000)
  to   space 23040K, 0% used [0x00000000f9c00000,0x00000000f9c00000,0x00000000fb280000)
 ParOldGen       total 119296K, used 68936K [0x00000000e0000000, 0x00000000e7480000, 0x00000000f5580000)
  object space 119296K, 57% used [0x00000000e0000000,0x00000000e4352348,0x00000000e7480000)
 Metaspace       used 99875K, capacity 107666K, committed 107800K, reserved 1142784K
  class space    used 11794K, capacity 14027K, committed 14128K, reserved 1048576K
Event: 17083.958 GC heap after
Heap after GC invocations=53 (full 6):
 PSYoungGen      total 95232K, used 15851K [0x00000000f5580000, 0x00000000fcc00000, 0x0000000100000000)
  eden space 72192K, 0% used [0x00000000f5580000,0x00000000f5580000,0x00000000f9c00000)
  from space 23040K, 68% used [0x00000000f9c00000,0x00000000fab7ae98,0x00000000fb280000)
  to   space 23040K, 0% used [0x00000000fb580000,0x00000000fb580000,0x00000000fcc00000)
 ParOldGen       total 119296K, used 69040K [0x00000000e0000000, 0x00000000e7480000, 0x00000000f5580000)
  object space 119296K, 57% used [0x00000000e0000000,0x00000000e436c348,0x00000000e7480000)
 Metaspace       used 99875K, capacity 107666K, committed 107800K, reserved 1142784K
  class space    used 11794K, capacity 14027K, committed 14128K, reserved 1048576K
}
Event: 81155.774 GC heap before
{Heap before GC invocations=54 (full 6):
 PSYoungGen      total 95232K, used 88043K [0x00000000f5580000, 0x00000000fcc00000, 0x0000000100000000)
  eden space 72192K, 100% used [0x00000000f5580000,0x00000000f9c00000,0x00000000f9c00000)
  from space 23040K, 68% used [0x00000000f9c00000,0x00000000fab7ae98,0x00000000fb280000)
  to   space 23040K, 0% used [0x00000000fb580000,0x00000000fb580000,0x00000000fcc00000)
 ParOldGen       total 119296K, used 69040K [0x00000000e0000000, 0x00000000e7480000, 0x00000000f5580000)
  object space 119296K, 57% used [0x00000000e0000000,0x00000000e436c348,0x00000000e7480000)
 Metaspace       used 99881K, capacity 107666K, committed 107800K, reserved 1142784K
  class space    used 11794K, capacity 14027K, committed 14128K, reserved 1048576K
Event: 81155.791 GC heap after
Heap after GC invocations=54 (full 6):
 PSYoungGen      total 88064K, used 14563K [0x00000000f5580000, 0x00000000fc680000, 0x0000000100000000)
  eden space 70656K, 0% used [0x00000000f5580000,0x00000000f5580000,0x00000000f9a80000)
  from space 17408K, 83% used [0x00000000fb580000,0x00000000fc3b8ea8,0x00000000fc680000)
  to   space 22528K, 0% used [0x00000000f9a80000,0x00000000f9a80000,0x00000000fb080000)
 ParOldGen       total 119296K, used 69970K [0x00000000e0000000, 0x00000000e7480000, 0x00000000f5580000)
  object space 119296K, 58% used [0x00000000e0000000,0x00000000e44549c8,0x00000000e7480000)
 Metaspace       used 99881K, capacity 107666K, committed 107800K, reserved 1142784K
  class space    used 11794K, capacity 14027K, committed 14128K, reserved 1048576K
}
Event: 81536.506 GC heap before
{Heap before GC invocations=55 (full 6):
 PSYoungGen      total 88064K, used 85219K [0x00000000f5580000, 0x00000000fc680000, 0x0000000100000000)
  eden space 70656K, 100% used [0x00000000f5580000,0x00000000f9a80000,0x00000000f9a80000)
  from space 17408K, 83% used [0x00000000fb580000,0x00000000fc3b8ea8,0x00000000fc680000)
  to   space 22528K, 0% used [0x00000000f9a80000,0x00000000f9a80000,0x00000000fb080000)
 ParOldGen       total 119296K, used 69970K [0x00000000e0000000, 0x00000000e7480000, 0x00000000f5580000)
  object space 119296K, 58% used [0x00000000e0000000,0x00000000e44549c8,0x00000000e7480000)
 Metaspace       used 100277K, capacity 107926K, committed 108184K, reserved 1142784K
  class space    used 11841K, capacity 14129K, committed 14256K, reserved 1048576K
Event: 81536.519 GC heap after
Heap after GC invocations=55 (full 6):
 PSYoungGen      total 80384K, used 11010K [0x00000000f5580000, 0x00000000fc400000, 0x0000000100000000)
  eden space 69120K, 0% used [0x00000000f5580000,0x00000000f5580000,0x00000000f9900000)
  from space 11264K, 97% used [0x00000000f9a80000,0x00000000fa540898,0x00000000fa580000)
  to   space 22016K, 0% used [0x00000000fae80000,0x00000000fae80000,0x00000000fc400000)
 ParOldGen       total 119296K, used 70002K [0x00000000e0000000, 0x00000000e7480000, 0x00000000f5580000)
  object space 119296K, 58% used [0x00000000e0000000,0x00000000e445c9c8,0x00000000e7480000)
 Metaspace       used 100277K, capacity 107926K, committed 108184K, reserved 1142784K
  class space    used 11841K, capacity 14129K, committed 14256K, reserved 1048576K
}

